2020-01-10 19:03:36 [INFO ] [StartupInfoLogger.java]logStarting(50) : Starting SampleWebUiApplication on DESKTOP-J4EB3BD with PID 6892 (D:\workspace\spring-boot-sample-web-ui\build\classes\java\main started by Administrator in D:\workspace\spring-boot-sample-web-ui)
2020-01-10 19:03:36 [DEBUG] [StartupInfoLogger.java]logStarting(53) : Running with Spring Boot v2.1.4.RELEASE, Spring v5.1.6.RELEASE
2020-01-10 19:03:36 [INFO ] [SpringApplication.java]logStartupProfileInfo(679) : The following profiles are active: dev
2020-01-10 19:03:36 [INFO ] [DeferredLog.java]logTo(227) : Devtools property defaults active! Set 'spring.devtools.add-properties' to 'false' to disable
2020-01-10 19:03:36 [INFO ] [DeferredLog.java]logTo(227) : For additional web related logging consider setting the 'logging.level.web' property to 'DEBUG'
2020-01-10 19:03:38 [INFO ] [TomcatWebServer.java]initialize(90) : Tomcat initialized with port(s): 8080 (http)
2020-01-10 19:03:38 [INFO ] [DirectJDKLog.java]log(173) : Starting service [Tomcat]
2020-01-10 19:03:38 [INFO ] [DirectJDKLog.java]log(173) : Starting Servlet engine: [Apache Tomcat/9.0.17]
2020-01-10 19:03:38 [INFO ] [DirectJDKLog.java]log(173) : Initializing Spring embedded WebApplicationContext
2020-01-10 19:03:38 [DEBUG] [ServletWebServerApplicationContext.java]prepareWebApplicationContext(288) : Published root WebApplicationContext as ServletContext attribute with name [org.springframework.web.context.WebApplicationContext.ROOT]
2020-01-10 19:03:38 [INFO ] [ServletWebServerApplicationContext.java]prepareWebApplicationContext(296) : Root WebApplicationContext: initialization completed in 1415 ms
2020-01-10 19:03:38 [DEBUG] [SimpleUrlHandlerMapping.java]registerHandlers(139) : Patterns [/**/favicon.ico] in 'faviconHandlerMapping'
2020-01-10 19:03:38 [INFO ] [ExecutorConfigurationSupport.java]initialize(171) : Initializing ExecutorService 'applicationTaskExecutor'
2020-01-10 19:03:38 [DEBUG] [RequestMappingHandlerAdapter.java]initControllerAdviceCache(619) : ControllerAdvice beans: 0 @ModelAttribute, 0 @InitBinder, 1 RequestBodyAdvice, 1 ResponseBodyAdvice
2020-01-10 19:03:38 [DEBUG] [AbstractHandlerMethodMapping.java]handlerMethodsInitialized(350) : 9 mappings in 'requestMappingHandlerMapping'
2020-01-10 19:03:38 [DEBUG] [SimpleUrlHandlerMapping.java]registerHandlers(139) : Patterns [/webjars/**, /**] in 'resourceHandlerMapping'
2020-01-10 19:03:38 [DEBUG] [ExceptionHandlerExceptionResolver.java]initExceptionHandlerAdviceCache(302) : ControllerAdvice beans: 0 @ExceptionHandler, 1 ResponseBodyAdvice
2020-01-10 19:03:38 [INFO ] [OptionalLiveReloadServer.java]startServer(57) : LiveReload server is running on port 35729
2020-01-10 19:03:38 [INFO ] [EndpointLinksResolver.java]<init>(59) : Exposing 2 endpoint(s) beneath base path '/actuator'
2020-01-10 19:03:38 [INFO ] [TomcatWebServer.java]start(204) : Tomcat started on port(s): 8080 (http) with context path ''
2020-01-10 19:03:38 [INFO ] [StartupInfoLogger.java]logStarted(59) : Started SampleWebUiApplication in 2.437 seconds (JVM running for 2.825)
